| epoch  1 |   624 / 3121 batches | lr 0.005000 |  5.54 ms | loss 0.04854 | ppl  1.05
| epoch  1 |  1248 / 3121 batches | lr 0.005000 |  5.54 ms | loss 0.01747 | ppl  1.02
| epoch  1 |  1872 / 3121 batches | lr 0.005000 |  5.76 ms | loss 0.01429 | ppl  1.01
| epoch  1 |  2496 / 3121 batches | lr 0.005000 |  5.55 ms | loss 0.00842 | ppl  1.01
| epoch  1 |  3120 / 3121 batches | lr 0.005000 |  5.36 ms | loss 0.00698 | ppl  1.01
-----------------------------------------------------------------------------------------
| End of epoch  1 | time: 18.55s | valid loss 0.08127 | valid ppl 1.08
-----------------------------------------------------------------------------------------
| epoch  2 |   624 / 3121 batches | lr 0.004750 |  5.57 ms | loss 0.01064 | ppl  1.01
| epoch  2 |  1248 / 3121 batches | lr 0.004750 |  5.50 ms | loss 0.01017 | ppl  1.01
| epoch  2 |  1872 / 3121 batches | lr 0.004750 |  5.50 ms | loss 0.00998 | ppl  1.01
| epoch  2 |  2496 / 3121 batches | lr 0.004750 |  5.50 ms | loss 0.00523 | ppl  1.01
| epoch  2 |  3120 / 3121 batches | lr 0.004750 |  5.54 ms | loss 0.00478 | ppl  1.00
-----------------------------------------------------------------------------------------
| End of epoch  2 | time: 18.39s | valid loss 0.06518 | valid ppl 1.07
-----------------------------------------------------------------------------------------
| epoch  3 |   624 / 3121 batches | lr 0.004513 |  5.51 ms | loss 0.00916 | ppl  1.01
| epoch  3 |  1248 / 3121 batches | lr 0.004513 |  5.53 ms | loss 0.00892 | ppl  1.01
| epoch  3 |  1872 / 3121 batches | lr 0.004513 |  5.49 ms | loss 0.00896 | ppl  1.01
| epoch  3 |  2496 / 3121 batches | lr 0.004513 |  5.53 ms | loss 0.00425 | ppl  1.00
| epoch  3 |  3120 / 3121 batches | lr 0.004513 |  5.46 ms | loss 0.00403 | ppl  1.00
-----------------------------------------------------------------------------------------
| End of epoch  3 | time: 18.34s | valid loss 0.06352 | valid ppl 1.07
-----------------------------------------------------------------------------------------
| epoch  4 |   624 / 3121 batches | lr 0.004287 |  5.66 ms | loss 0.00862 | ppl  1.01
| epoch  4 |  1248 / 3121 batches | lr 0.004287 |  5.53 ms | loss 0.00838 | ppl  1.01
| epoch  4 |  1872 / 3121 batches | lr 0.004287 |  5.52 ms | loss 0.00839 | ppl  1.01
| epoch  4 |  2496 / 3121 batches | lr 0.004287 |  5.45 ms | loss 0.00381 | ppl  1.00
| epoch  4 |  3120 / 3121 batches | lr 0.004287 |  5.46 ms | loss 0.00364 | ppl  1.00
-----------------------------------------------------------------------------------------
| End of epoch  4 | time: 18.39s | valid loss 0.06045 | valid ppl 1.06
-----------------------------------------------------------------------------------------
| epoch  5 |   624 / 3121 batches | lr 0.004073 |  5.44 ms | loss 0.00828 | ppl  1.01
| epoch  5 |  1248 / 3121 batches | lr 0.004073 |  5.42 ms | loss 0.00807 | ppl  1.01
| epoch  5 |  1872 / 3121 batches | lr 0.004073 |  5.41 ms | loss 0.00803 | ppl  1.01
| epoch  5 |  2496 / 3121 batches | lr 0.004073 |  5.39 ms | loss 0.00357 | ppl  1.00
| epoch  5 |  3120 / 3121 batches | lr 0.004073 |  5.43 ms | loss 0.00342 | ppl  1.00
-----------------------------------------------------------------------------------------
| End of epoch  5 | time: 18.07s | valid loss 0.05590 | valid ppl 1.06
-----------------------------------------------------------------------------------------
| epoch  6 |   624 / 3121 batches | lr 0.003869 |  5.60 ms | loss 0.00809 | ppl  1.01
| epoch  6 |  1248 / 3121 batches | lr 0.003869 |  5.47 ms | loss 0.00790 | ppl  1.01
| epoch  6 |  1872 / 3121 batches | lr 0.003869 |  5.45 ms | loss 0.00778 | ppl  1.01
| epoch  6 |  2496 / 3121 batches | lr 0.003869 |  5.65 ms | loss 0.00342 | ppl  1.00
| epoch  6 |  3120 / 3121 batches | lr 0.003869 |  5.44 ms | loss 0.00329 | ppl  1.00
-----------------------------------------------------------------------------------------
| End of epoch  6 | time: 18.48s | valid loss 0.05146 | valid ppl 1.05
-----------------------------------------------------------------------------------------
| epoch  7 |   624 / 3121 batches | lr 0.003675 |  5.57 ms | loss 0.00792 | ppl  1.01
| epoch  7 |  1248 / 3121 batches | lr 0.003675 |  5.49 ms | loss 0.00775 | ppl  1.01
| epoch  7 |  1872 / 3121 batches | lr 0.003675 |  5.48 ms | loss 0.00757 | ppl  1.01
| epoch  7 |  2496 / 3121 batches | lr 0.003675 |  5.46 ms | loss 0.00331 | ppl  1.00
| epoch  7 |  3120 / 3121 batches | lr 0.003675 |  5.51 ms | loss 0.00320 | ppl  1.00
-----------------------------------------------------------------------------------------
| End of epoch  7 | time: 18.32s | valid loss 0.04813 | valid ppl 1.05
-----------------------------------------------------------------------------------------
| epoch  8 |   624 / 3121 batches | lr 0.003492 |  5.58 ms | loss 0.00778 | ppl  1.01
| epoch  8 |  1248 / 3121 batches | lr 0.003492 |  5.76 ms | loss 0.00763 | ppl  1.01
| epoch  8 |  1872 / 3121 batches | lr 0.003492 |  5.49 ms | loss 0.00740 | ppl  1.01
| epoch  8 |  2496 / 3121 batches | lr 0.003492 |  5.48 ms | loss 0.00324 | ppl  1.00
| epoch  8 |  3120 / 3121 batches | lr 0.003492 |  5.45 ms | loss 0.00312 | ppl  1.00
-----------------------------------------------------------------------------------------
| End of epoch  8 | time: 18.48s | valid loss 0.04416 | valid ppl 1.05
-----------------------------------------------------------------------------------------
| epoch  9 |   624 / 3121 batches | lr 0.003317 |  5.50 ms | loss 0.00765 | ppl  1.01
| epoch  9 |  1248 / 3121 batches | lr 0.003317 |  5.49 ms | loss 0.00752 | ppl  1.01
| epoch  9 |  1872 / 3121 batches | lr 0.003317 |  5.47 ms | loss 0.00725 | ppl  1.01
| epoch  9 |  2496 / 3121 batches | lr 0.003317 |  5.46 ms | loss 0.00318 | ppl  1.00
| epoch  9 |  3120 / 3121 batches | lr 0.003317 |  5.45 ms | loss 0.00307 | ppl  1.00
-----------------------------------------------------------------------------------------
| End of epoch  9 | time: 18.24s | valid loss 0.04124 | valid ppl 1.04
-----------------------------------------------------------------------------------------
| epoch 10 |   624 / 3121 batches | lr 0.003151 |  5.49 ms | loss 0.00752 | ppl  1.01
| epoch 10 |  1248 / 3121 batches | lr 0.003151 |  5.43 ms | loss 0.00741 | ppl  1.01
| epoch 10 |  1872 / 3121 batches | lr 0.003151 |  5.39 ms | loss 0.00710 | ppl  1.01
| epoch 10 |  2496 / 3121 batches | lr 0.003151 |  5.45 ms | loss 0.00313 | ppl  1.00
| epoch 10 |  3120 / 3121 batches | lr 0.003151 |  5.46 ms | loss 0.00303 | ppl  1.00
-----------------------------------------------------------------------------------------
| End of epoch 10 | time: 55.45s | valid loss 0.03777 | valid ppl 1.04
-----------------------------------------------------------------------------------------
| epoch 11 |   624 / 3121 batches | lr 0.002994 |  5.53 ms | loss 0.00738 | ppl  1.01
| epoch 11 |  1248 / 3121 batches | lr 0.002994 |  5.52 ms | loss 0.00731 | ppl  1.01
| epoch 11 |  1872 / 3121 batches | lr 0.002994 |  5.49 ms | loss 0.00695 | ppl  1.01
| epoch 11 |  2496 / 3121 batches | lr 0.002994 |  5.48 ms | loss 0.00310 | ppl  1.00
| epoch 11 |  3120 / 3121 batches | lr 0.002994 |  5.48 ms | loss 0.00299 | ppl  1.00
-----------------------------------------------------------------------------------------
| End of epoch 11 | time: 18.39s | valid loss 0.03512 | valid ppl 1.04
-----------------------------------------------------------------------------------------
| epoch 12 |   624 / 3121 batches | lr 0.002844 |  5.52 ms | loss 0.00725 | ppl  1.01
| epoch 12 |  1248 / 3121 batches | lr 0.002844 |  5.50 ms | loss 0.00721 | ppl  1.01
| epoch 12 |  1872 / 3121 batches | lr 0.002844 |  5.49 ms | loss 0.00681 | ppl  1.01
| epoch 12 |  2496 / 3121 batches | lr 0.002844 |  5.47 ms | loss 0.00306 | ppl  1.00
| epoch 12 |  3120 / 3121 batches | lr 0.002844 |  5.50 ms | loss 0.00295 | ppl  1.00
-----------------------------------------------------------------------------------------
| End of epoch 12 | time: 18.31s | valid loss 0.03217 | valid ppl 1.03
-----------------------------------------------------------------------------------------
| epoch 13 |   624 / 3121 batches | lr 0.002702 |  5.52 ms | loss 0.00711 | ppl  1.01
| epoch 13 |  1248 / 3121 batches | lr 0.002702 |  5.49 ms | loss 0.00710 | ppl  1.01
| epoch 13 |  1872 / 3121 batches | lr 0.002702 |  5.49 ms | loss 0.00666 | ppl  1.01
| epoch 13 |  2496 / 3121 batches | lr 0.002702 |  5.46 ms | loss 0.00303 | ppl  1.00
| epoch 13 |  3120 / 3121 batches | lr 0.002702 |  5.47 ms | loss 0.00291 | ppl  1.00
-----------------------------------------------------------------------------------------
| End of epoch 13 | time: 18.29s | valid loss 0.02954 | valid ppl 1.03
-----------------------------------------------------------------------------------------
| epoch 14 |   624 / 3121 batches | lr 0.002567 |  5.49 ms | loss 0.00697 | ppl  1.01
| epoch 14 |  1248 / 3121 batches | lr 0.002567 |  5.44 ms | loss 0.00699 | ppl  1.01
| epoch 14 |  1872 / 3121 batches | lr 0.002567 |  5.51 ms | loss 0.00652 | ppl  1.01
| epoch 14 |  2496 / 3121 batches | lr 0.002567 |  5.58 ms | loss 0.00299 | ppl  1.00
| epoch 14 |  3120 / 3121 batches | lr 0.002567 |  5.49 ms | loss 0.00288 | ppl  1.00
-----------------------------------------------------------------------------------------
| End of epoch 14 | time: 18.39s | valid loss 0.02701 | valid ppl 1.03
-----------------------------------------------------------------------------------------
| epoch 15 |   624 / 3121 batches | lr 0.002438 |  5.64 ms | loss 0.00682 | ppl  1.01
| epoch 15 |  1248 / 3121 batches | lr 0.002438 |  5.59 ms | loss 0.00688 | ppl  1.01
| epoch 15 |  1872 / 3121 batches | lr 0.002438 |  5.50 ms | loss 0.00636 | ppl  1.01
| epoch 15 |  2496 / 3121 batches | lr 0.002438 |  5.50 ms | loss 0.00296 | ppl  1.00
| epoch 15 |  3120 / 3121 batches | lr 0.002438 |  5.55 ms | loss 0.00284 | ppl  1.00
-----------------------------------------------------------------------------------------
| End of epoch 15 | time: 18.50s | valid loss 0.02489 | valid ppl 1.03
-----------------------------------------------------------------------------------------
| epoch 16 |   624 / 3121 batches | lr 0.002316 |  5.50 ms | loss 0.00668 | ppl  1.01
| epoch 16 |  1248 / 3121 batches | lr 0.002316 |  5.49 ms | loss 0.00678 | ppl  1.01
| epoch 16 |  1872 / 3121 batches | lr 0.002316 |  5.77 ms | loss 0.00622 | ppl  1.01
| epoch 16 |  2496 / 3121 batches | lr 0.002316 |  5.60 ms | loss 0.00293 | ppl  1.00
| epoch 16 |  3120 / 3121 batches | lr 0.002316 |  5.56 ms | loss 0.00281 | ppl  1.00
-----------------------------------------------------------------------------------------
| End of epoch 16 | time: 18.58s | valid loss 0.02282 | valid ppl 1.02
-----------------------------------------------------------------------------------------
| epoch 17 |   624 / 3121 batches | lr 0.002201 |  5.62 ms | loss 0.00654 | ppl  1.01
| epoch 17 |  1248 / 3121 batches | lr 0.002201 |  5.58 ms | loss 0.00666 | ppl  1.01
| epoch 17 |  1872 / 3121 batches | lr 0.002201 |  5.61 ms | loss 0.00608 | ppl  1.01
| epoch 17 |  2496 / 3121 batches | lr 0.002201 |  5.68 ms | loss 0.00290 | ppl  1.00
| epoch 17 |  3120 / 3121 batches | lr 0.002201 |  5.62 ms | loss 0.00277 | ppl  1.00
-----------------------------------------------------------------------------------------
| End of epoch 17 | time: 18.77s | valid loss 0.02083 | valid ppl 1.02
-----------------------------------------------------------------------------------------
| epoch 18 |   624 / 3121 batches | lr 0.002091 |  5.64 ms | loss 0.00638 | ppl  1.01
| epoch 18 |  1248 / 3121 batches | lr 0.002091 |  5.63 ms | loss 0.00655 | ppl  1.01
| epoch 18 |  1872 / 3121 batches | lr 0.002091 |  5.60 ms | loss 0.00594 | ppl  1.01
| epoch 18 |  2496 / 3121 batches | lr 0.002091 |  5.57 ms | loss 0.00287 | ppl  1.00
| epoch 18 |  3120 / 3121 batches | lr 0.002091 |  5.47 ms | loss 0.00274 | ppl  1.00
-----------------------------------------------------------------------------------------
| End of epoch 18 | time: 18.59s | valid loss 0.01912 | valid ppl 1.02
-----------------------------------------------------------------------------------------
| epoch 19 |   624 / 3121 batches | lr 0.001986 |  5.68 ms | loss 0.00624 | ppl  1.01
| epoch 19 |  1248 / 3121 batches | lr 0.001986 |  5.59 ms | loss 0.00644 | ppl  1.01
| epoch 19 |  1872 / 3121 batches | lr 0.001986 |  5.46 ms | loss 0.00579 | ppl  1.01
| epoch 19 |  2496 / 3121 batches | lr 0.001986 |  5.56 ms | loss 0.00284 | ppl  1.00
| epoch 19 |  3120 / 3121 batches | lr 0.001986 |  5.47 ms | loss 0.00270 | ppl  1.00
-----------------------------------------------------------------------------------------
| End of epoch 19 | time: 18.50s | valid loss 0.01744 | valid ppl 1.02
-----------------------------------------------------------------------------------------
| epoch 20 |   624 / 3121 batches | lr 0.001887 |  5.64 ms | loss 0.00610 | ppl  1.01
| epoch 20 |  1248 / 3121 batches | lr 0.001887 |  5.63 ms | loss 0.00633 | ppl  1.01
| epoch 20 |  1872 / 3121 batches | lr 0.001887 |  5.73 ms | loss 0.00566 | ppl  1.01
| epoch 20 |  2496 / 3121 batches | lr 0.001887 |  5.57 ms | loss 0.00280 | ppl  1.00
| epoch 20 |  3120 / 3121 batches | lr 0.001887 |  5.56 ms | loss 0.00267 | ppl  1.00
-----------------------------------------------------------------------------------------
| End of epoch 20 | time: 56.03s | valid loss 0.01594 | valid ppl 1.02
-----------------------------------------------------------------------------------------
| epoch 21 |   624 / 3121 batches | lr 0.001792 |  5.63 ms | loss 0.00595 | ppl  1.01
| epoch 21 |  1248 / 3121 batches | lr 0.001792 |  5.51 ms | loss 0.00622 | ppl  1.01
| epoch 21 |  1872 / 3121 batches | lr 0.001792 |  5.49 ms | loss 0.00553 | ppl  1.01
| epoch 21 |  2496 / 3121 batches | lr 0.001792 |  5.52 ms | loss 0.00277 | ppl  1.00
| epoch 21 |  3120 / 3121 batches | lr 0.001792 |  5.46 ms | loss 0.00263 | ppl  1.00
-----------------------------------------------------------------------------------------
| End of epoch 21 | time: 18.45s | valid loss 0.01458 | valid ppl 1.01
-----------------------------------------------------------------------------------------
| epoch 22 |   624 / 3121 batches | lr 0.001703 |  5.51 ms | loss 0.00582 | ppl  1.01
| epoch 22 |  1248 / 3121 batches | lr 0.001703 |  5.48 ms | loss 0.00611 | ppl  1.01
| epoch 22 |  1872 / 3121 batches | lr 0.001703 |  5.48 ms | loss 0.00540 | ppl  1.01
| epoch 22 |  2496 / 3121 batches | lr 0.001703 |  5.46 ms | loss 0.00275 | ppl  1.00
| epoch 22 |  3120 / 3121 batches | lr 0.001703 |  5.46 ms | loss 0.00260 | ppl  1.00
-----------------------------------------------------------------------------------------
| End of epoch 22 | time: 18.25s | valid loss 0.01331 | valid ppl 1.01
-----------------------------------------------------------------------------------------
| epoch 23 |   624 / 3121 batches | lr 0.001618 |  5.48 ms | loss 0.00569 | ppl  1.01
| epoch 23 |  1248 / 3121 batches | lr 0.001618 |  5.48 ms | loss 0.00600 | ppl  1.01
| epoch 23 |  1872 / 3121 batches | lr 0.001618 |  5.46 ms | loss 0.00528 | ppl  1.01
| epoch 23 |  2496 / 3121 batches | lr 0.001618 |  5.46 ms | loss 0.00272 | ppl  1.00
| epoch 23 |  3120 / 3121 batches | lr 0.001618 |  5.46 ms | loss 0.00257 | ppl  1.00
-----------------------------------------------------------------------------------------
| End of epoch 23 | time: 18.22s | valid loss 0.01211 | valid ppl 1.01
-----------------------------------------------------------------------------------------
| epoch 24 |   624 / 3121 batches | lr 0.001537 |  5.52 ms | loss 0.00556 | ppl  1.01
| epoch 24 |  1248 / 3121 batches | lr 0.001537 |  5.49 ms | loss 0.00590 | ppl  1.01
| epoch 24 |  1872 / 3121 batches | lr 0.001537 |  5.49 ms | loss 0.00516 | ppl  1.01
| epoch 24 |  2496 / 3121 batches | lr 0.001537 |  5.52 ms | loss 0.00269 | ppl  1.00
| epoch 24 |  3120 / 3121 batches | lr 0.001537 |  5.48 ms | loss 0.00254 | ppl  1.00
-----------------------------------------------------------------------------------------
| End of epoch 24 | time: 18.40s | valid loss 0.01112 | valid ppl 1.01
-----------------------------------------------------------------------------------------
| epoch 25 |   624 / 3121 batches | lr 0.001460 |  5.68 ms | loss 0.00544 | ppl  1.01
| epoch 25 |  1248 / 3121 batches | lr 0.001460 |  5.53 ms | loss 0.00580 | ppl  1.01
| epoch 25 |  1872 / 3121 batches | lr 0.001460 |  5.47 ms | loss 0.00506 | ppl  1.01
| epoch 25 |  2496 / 3121 batches | lr 0.001460 |  5.47 ms | loss 0.00266 | ppl  1.00
| epoch 25 |  3120 / 3121 batches | lr 0.001460 |  5.45 ms | loss 0.00251 | ppl  1.00
-----------------------------------------------------------------------------------------
| End of epoch 25 | time: 18.39s | valid loss 0.01004 | valid ppl 1.01
-----------------------------------------------------------------------------------------
| epoch 26 |   624 / 3121 batches | lr 0.001387 |  5.57 ms | loss 0.00532 | ppl  1.01
| epoch 26 |  1248 / 3121 batches | lr 0.001387 |  5.83 ms | loss 0.00571 | ppl  1.01
| epoch 26 |  1872 / 3121 batches | lr 0.001387 |  5.76 ms | loss 0.00495 | ppl  1.00
| epoch 26 |  2496 / 3121 batches | lr 0.001387 |  5.45 ms | loss 0.00263 | ppl  1.00
| epoch 26 |  3120 / 3121 batches | lr 0.001387 |  5.63 ms | loss 0.00248 | ppl  1.00
-----------------------------------------------------------------------------------------
| End of epoch 26 | time: 18.79s | valid loss 0.00921 | valid ppl 1.01
-----------------------------------------------------------------------------------------
| epoch 27 |   624 / 3121 batches | lr 0.001318 |  5.61 ms | loss 0.00521 | ppl  1.01
| epoch 27 |  1248 / 3121 batches | lr 0.001318 |  5.55 ms | loss 0.00562 | ppl  1.01
| epoch 27 |  1872 / 3121 batches | lr 0.001318 |  5.48 ms | loss 0.00486 | ppl  1.00
| epoch 27 |  2496 / 3121 batches | lr 0.001318 |  5.46 ms | loss 0.00261 | ppl  1.00
| epoch 27 |  3120 / 3121 batches | lr 0.001318 |  5.54 ms | loss 0.00246 | ppl  1.00
-----------------------------------------------------------------------------------------
| End of epoch 27 | time: 18.50s | valid loss 0.00840 | valid ppl 1.01
-----------------------------------------------------------------------------------------
| epoch 28 |   624 / 3121 batches | lr 0.001252 |  5.52 ms | loss 0.00511 | ppl  1.01
| epoch 28 |  1248 / 3121 batches | lr 0.001252 |  5.42 ms | loss 0.00553 | ppl  1.01
| epoch 28 |  1872 / 3121 batches | lr 0.001252 |  5.59 ms | loss 0.00477 | ppl  1.00
| epoch 28 |  2496 / 3121 batches | lr 0.001252 |  5.41 ms | loss 0.00259 | ppl  1.00
| epoch 28 |  3120 / 3121 batches | lr 0.001252 |  5.39 ms | loss 0.00243 | ppl  1.00
-----------------------------------------------------------------------------------------
| End of epoch 28 | time: 18.23s | valid loss 0.00773 | valid ppl 1.01
-----------------------------------------------------------------------------------------
| epoch 29 |   624 / 3121 batches | lr 0.001189 |  5.52 ms | loss 0.00501 | ppl  1.01
| epoch 29 |  1248 / 3121 batches | lr 0.001189 |  5.52 ms | loss 0.00546 | ppl  1.01
| epoch 29 |  1872 / 3121 batches | lr 0.001189 |  5.46 ms | loss 0.00468 | ppl  1.00
| epoch 29 |  2496 / 3121 batches | lr 0.001189 |  5.46 ms | loss 0.00257 | ppl  1.00
| epoch 29 |  3120 / 3121 batches | lr 0.001189 |  5.39 ms | loss 0.00241 | ppl  1.00
-----------------------------------------------------------------------------------------
| End of epoch 29 | time: 18.24s | valid loss 0.00702 | valid ppl 1.01
-----------------------------------------------------------------------------------------
| epoch 30 |   624 / 3121 batches | lr 0.001130 |  5.44 ms | loss 0.00492 | ppl  1.00
| epoch 30 |  1248 / 3121 batches | lr 0.001130 |  5.48 ms | loss 0.00538 | ppl  1.01
| epoch 30 |  1872 / 3121 batches | lr 0.001130 |  5.47 ms | loss 0.00460 | ppl  1.00
| epoch 30 |  2496 / 3121 batches | lr 0.001130 |  5.45 ms | loss 0.00254 | ppl  1.00
| epoch 30 |  3120 / 3121 batches | lr 0.001130 |  5.45 ms | loss 0.00239 | ppl  1.00
-----------------------------------------------------------------------------------------
| End of epoch 30 | time: 55.36s | valid loss 0.00647 | valid ppl 1.01
-----------------------------------------------------------------------------------------
| epoch 31 |   624 / 3121 batches | lr 0.001073 |  5.51 ms | loss 0.00484 | ppl  1.00
| epoch 31 |  1248 / 3121 batches | lr 0.001073 |  5.48 ms | loss 0.00531 | ppl  1.01
| epoch 31 |  1872 / 3121 batches | lr 0.001073 |  5.47 ms | loss 0.00452 | ppl  1.00
| epoch 31 |  2496 / 3121 batches | lr 0.001073 |  5.46 ms | loss 0.00253 | ppl  1.00
| epoch 31 |  3120 / 3121 batches | lr 0.001073 |  5.50 ms | loss 0.00237 | ppl  1.00
-----------------------------------------------------------------------------------------
| End of epoch 31 | time: 18.32s | valid loss 0.00592 | valid ppl 1.01
-----------------------------------------------------------------------------------------
| epoch 32 |   624 / 3121 batches | lr 0.001020 |  5.50 ms | loss 0.00475 | ppl  1.00
| epoch 32 |  1248 / 3121 batches | lr 0.001020 |  5.48 ms | loss 0.00524 | ppl  1.01
| epoch 32 |  1872 / 3121 batches | lr 0.001020 |  5.51 ms | loss 0.00445 | ppl  1.00
| epoch 32 |  2496 / 3121 batches | lr 0.001020 |  5.47 ms | loss 0.00251 | ppl  1.00
| epoch 32 |  3120 / 3121 batches | lr 0.001020 |  5.47 ms | loss 0.00234 | ppl  1.00
-----------------------------------------------------------------------------------------
| End of epoch 32 | time: 18.27s | valid loss 0.00544 | valid ppl 1.01
-----------------------------------------------------------------------------------------
| epoch 33 |   624 / 3121 batches | lr 0.000969 |  5.51 ms | loss 0.00468 | ppl  1.00
| epoch 33 |  1248 / 3121 batches | lr 0.000969 |  5.49 ms | loss 0.00519 | ppl  1.01
| epoch 33 |  1872 / 3121 batches | lr 0.000969 |  5.48 ms | loss 0.00439 | ppl  1.00
| epoch 33 |  2496 / 3121 batches | lr 0.000969 |  5.49 ms | loss 0.00250 | ppl  1.00
| epoch 33 |  3120 / 3121 batches | lr 0.000969 |  5.45 ms | loss 0.00233 | ppl  1.00
-----------------------------------------------------------------------------------------
| End of epoch 33 | time: 18.27s | valid loss 0.00499 | valid ppl 1.01
-----------------------------------------------------------------------------------------
| epoch 34 |   624 / 3121 batches | lr 0.000920 |  5.50 ms | loss 0.00461 | ppl  1.00
| epoch 34 |  1248 / 3121 batches | lr 0.000920 |  5.47 ms | loss 0.00513 | ppl  1.01
| epoch 34 |  1872 / 3121 batches | lr 0.000920 |  5.41 ms | loss 0.00433 | ppl  1.00
| epoch 34 |  2496 / 3121 batches | lr 0.000920 |  5.37 ms | loss 0.00248 | ppl  1.00
| epoch 34 |  3120 / 3121 batches | lr 0.000920 |  5.43 ms | loss 0.00231 | ppl  1.00
-----------------------------------------------------------------------------------------
| End of epoch 34 | time: 18.21s | valid loss 0.00464 | valid ppl 1.00
-----------------------------------------------------------------------------------------
| epoch 35 |   624 / 3121 batches | lr 0.000874 |  5.49 ms | loss 0.00454 | ppl  1.00
| epoch 35 |  1248 / 3121 batches | lr 0.000874 |  5.48 ms | loss 0.00508 | ppl  1.01
| epoch 35 |  1872 / 3121 batches | lr 0.000874 |  5.58 ms | loss 0.00428 | ppl  1.00
| epoch 35 |  2496 / 3121 batches | lr 0.000874 |  5.43 ms | loss 0.00246 | ppl  1.00
| epoch 35 |  3120 / 3121 batches | lr 0.000874 |  5.39 ms | loss 0.00230 | ppl  1.00
-----------------------------------------------------------------------------------------
| End of epoch 35 | time: 18.25s | valid loss 0.00427 | valid ppl 1.00
-----------------------------------------------------------------------------------------
| epoch 36 |   624 / 3121 batches | lr 0.000830 |  5.47 ms | loss 0.00449 | ppl  1.00
| epoch 36 |  1248 / 3121 batches | lr 0.000830 |  5.41 ms | loss 0.00502 | ppl  1.01
| epoch 36 |  1872 / 3121 batches | lr 0.000830 |  5.44 ms | loss 0.00422 | ppl  1.00
| epoch 36 |  2496 / 3121 batches | lr 0.000830 |  5.45 ms | loss 0.00245 | ppl  1.00
| epoch 36 |  3120 / 3121 batches | lr 0.000830 |  5.45 ms | loss 0.00228 | ppl  1.00
-----------------------------------------------------------------------------------------
| End of epoch 36 | time: 18.15s | valid loss 0.00395 | valid ppl 1.00
-----------------------------------------------------------------------------------------
| epoch 37 |   624 / 3121 batches | lr 0.000789 |  5.57 ms | loss 0.00443 | ppl  1.00
| epoch 37 |  1248 / 3121 batches | lr 0.000789 |  5.49 ms | loss 0.00497 | ppl  1.00
| epoch 37 |  1872 / 3121 batches | lr 0.000789 |  5.42 ms | loss 0.00418 | ppl  1.00
| epoch 37 |  2496 / 3121 batches | lr 0.000789 |  5.42 ms | loss 0.00244 | ppl  1.00
| epoch 37 |  3120 / 3121 batches | lr 0.000789 |  5.52 ms | loss 0.00227 | ppl  1.00
-----------------------------------------------------------------------------------------
| End of epoch 37 | time: 18.35s | valid loss 0.00365 | valid ppl 1.00
-----------------------------------------------------------------------------------------
| epoch 38 |   624 / 3121 batches | lr 0.000749 |  5.58 ms | loss 0.00438 | ppl  1.00
| epoch 38 |  1248 / 3121 batches | lr 0.000749 |  5.46 ms | loss 0.00494 | ppl  1.00
| epoch 38 |  1872 / 3121 batches | lr 0.000749 |  5.46 ms | loss 0.00414 | ppl  1.00
| epoch 38 |  2496 / 3121 batches | lr 0.000749 |  5.41 ms | loss 0.00243 | ppl  1.00
| epoch 38 |  3120 / 3121 batches | lr 0.000749 |  5.42 ms | loss 0.00226 | ppl  1.00
-----------------------------------------------------------------------------------------
| End of epoch 38 | time: 18.21s | valid loss 0.00341 | valid ppl 1.00
-----------------------------------------------------------------------------------------
| epoch 39 |   624 / 3121 batches | lr 0.000712 |  5.47 ms | loss 0.00433 | ppl  1.00
| epoch 39 |  1248 / 3121 batches | lr 0.000712 |  5.40 ms | loss 0.00489 | ppl  1.00
| epoch 39 |  1872 / 3121 batches | lr 0.000712 |  5.42 ms | loss 0.00409 | ppl  1.00
| epoch 39 |  2496 / 3121 batches | lr 0.000712 |  5.45 ms | loss 0.00242 | ppl  1.00
| epoch 39 |  3120 / 3121 batches | lr 0.000712 |  5.52 ms | loss 0.00224 | ppl  1.00
-----------------------------------------------------------------------------------------
| End of epoch 39 | time: 18.17s | valid loss 0.00318 | valid ppl 1.00
-----------------------------------------------------------------------------------------
| epoch 40 |   624 / 3121 batches | lr 0.000676 |  5.52 ms | loss 0.00428 | ppl  1.00
| epoch 40 |  1248 / 3121 batches | lr 0.000676 |  5.63 ms | loss 0.00485 | ppl  1.00
| epoch 40 |  1872 / 3121 batches | lr 0.000676 |  5.54 ms | loss 0.00406 | ppl  1.00
| epoch 40 |  2496 / 3121 batches | lr 0.000676 |  5.57 ms | loss 0.00240 | ppl  1.00
| epoch 40 |  3120 / 3121 batches | lr 0.000676 |  5.44 ms | loss 0.00223 | ppl  1.00
-----------------------------------------------------------------------------------------
| End of epoch 40 | time: 55.83s | valid loss 0.00299 | valid ppl 1.00
-----------------------------------------------------------------------------------------
| epoch 41 |   624 / 3121 batches | lr 0.000643 |  5.78 ms | loss 0.00424 | ppl  1.00
| epoch 41 |  1248 / 3121 batches | lr 0.000643 |  5.76 ms | loss 0.00482 | ppl  1.00
| epoch 41 |  1872 / 3121 batches | lr 0.000643 |  5.46 ms | loss 0.00402 | ppl  1.00
| epoch 41 |  2496 / 3121 batches | lr 0.000643 |  5.45 ms | loss 0.00240 | ppl  1.00
| epoch 41 |  3120 / 3121 batches | lr 0.000643 |  5.65 ms | loss 0.00223 | ppl  1.00
-----------------------------------------------------------------------------------------
| End of epoch 41 | time: 18.75s | valid loss 0.00281 | valid ppl 1.00
-----------------------------------------------------------------------------------------
| epoch 42 |   624 / 3121 batches | lr 0.000610 |  5.41 ms | loss 0.00420 | ppl  1.00
| epoch 42 |  1248 / 3121 batches | lr 0.000610 |  5.48 ms | loss 0.00478 | ppl  1.00
| epoch 42 |  1872 / 3121 batches | lr 0.000610 |  5.78 ms | loss 0.00399 | ppl  1.00
| epoch 42 |  2496 / 3121 batches | lr 0.000610 |  5.53 ms | loss 0.00239 | ppl  1.00
| epoch 42 |  3120 / 3121 batches | lr 0.000610 |  5.45 ms | loss 0.00222 | ppl  1.00
-----------------------------------------------------------------------------------------
| End of epoch 42 | time: 18.41s | valid loss 0.00263 | valid ppl 1.00
-----------------------------------------------------------------------------------------
| epoch 43 |   624 / 3121 batches | lr 0.000580 |  5.45 ms | loss 0.00417 | ppl  1.00
| epoch 43 |  1248 / 3121 batches | lr 0.000580 |  5.45 ms | loss 0.00475 | ppl  1.00
| epoch 43 |  1872 / 3121 batches | lr 0.000580 |  5.46 ms | loss 0.00396 | ppl  1.00
| epoch 43 |  2496 / 3121 batches | lr 0.000580 |  5.44 ms | loss 0.00238 | ppl  1.00
| epoch 43 |  3120 / 3121 batches | lr 0.000580 |  5.45 ms | loss 0.00221 | ppl  1.00
-----------------------------------------------------------------------------------------
| End of epoch 43 | time: 18.17s | valid loss 0.00249 | valid ppl 1.00
-----------------------------------------------------------------------------------------
| epoch 44 |   624 / 3121 batches | lr 0.000551 |  5.51 ms | loss 0.00413 | ppl  1.00
| epoch 44 |  1248 / 3121 batches | lr 0.000551 |  5.48 ms | loss 0.00473 | ppl  1.00
| epoch 44 |  1872 / 3121 batches | lr 0.000551 |  5.46 ms | loss 0.00393 | ppl  1.00
| epoch 44 |  2496 / 3121 batches | lr 0.000551 |  5.45 ms | loss 0.00237 | ppl  1.00
| epoch 44 |  3120 / 3121 batches | lr 0.000551 |  5.52 ms | loss 0.00220 | ppl  1.00
-----------------------------------------------------------------------------------------
| End of epoch 44 | time: 18.36s | valid loss 0.00235 | valid ppl 1.00
-----------------------------------------------------------------------------------------
| epoch 45 |   624 / 3121 batches | lr 0.000523 |  5.49 ms | loss 0.00410 | ppl  1.00
| epoch 45 |  1248 / 3121 batches | lr 0.000523 |  5.49 ms | loss 0.00469 | ppl  1.00
| epoch 45 |  1872 / 3121 batches | lr 0.000523 |  5.46 ms | loss 0.00391 | ppl  1.00
| epoch 45 |  2496 / 3121 batches | lr 0.000523 |  5.51 ms | loss 0.00237 | ppl  1.00
| epoch 45 |  3120 / 3121 batches | lr 0.000523 |  5.44 ms | loss 0.00220 | ppl  1.00
-----------------------------------------------------------------------------------------
| End of epoch 45 | time: 18.26s | valid loss 0.00223 | valid ppl 1.00
-----------------------------------------------------------------------------------------
| epoch 46 |   624 / 3121 batches | lr 0.000497 |  5.46 ms | loss 0.00407 | ppl  1.00
| epoch 46 |  1248 / 3121 batches | lr 0.000497 |  5.47 ms | loss 0.00467 | ppl  1.00
| epoch 46 |  1872 / 3121 batches | lr 0.000497 |  5.54 ms | loss 0.00389 | ppl  1.00
| epoch 46 |  2496 / 3121 batches | lr 0.000497 |  5.49 ms | loss 0.00237 | ppl  1.00
| epoch 46 |  3120 / 3121 batches | lr 0.000497 |  5.44 ms | loss 0.00219 | ppl  1.00
-----------------------------------------------------------------------------------------
| End of epoch 46 | time: 18.27s | valid loss 0.00214 | valid ppl 1.00
-----------------------------------------------------------------------------------------
| epoch 47 |   624 / 3121 batches | lr 0.000472 |  5.48 ms | loss 0.00405 | ppl  1.00
| epoch 47 |  1248 / 3121 batches | lr 0.000472 |  5.48 ms | loss 0.00464 | ppl  1.00
| epoch 47 |  1872 / 3121 batches | lr 0.000472 |  5.49 ms | loss 0.00387 | ppl  1.00
| epoch 47 |  2496 / 3121 batches | lr 0.000472 |  5.50 ms | loss 0.00236 | ppl  1.00
| epoch 47 |  3120 / 3121 batches | lr 0.000472 |  5.50 ms | loss 0.00218 | ppl  1.00
-----------------------------------------------------------------------------------------
| End of epoch 47 | time: 18.37s | valid loss 0.00203 | valid ppl 1.00
-----------------------------------------------------------------------------------------
| epoch 48 |   624 / 3121 batches | lr 0.000449 |  5.53 ms | loss 0.00403 | ppl  1.00
| epoch 48 |  1248 / 3121 batches | lr 0.000449 |  5.62 ms | loss 0.00462 | ppl  1.00
| epoch 48 |  1872 / 3121 batches | lr 0.000449 |  5.63 ms | loss 0.00385 | ppl  1.00
| epoch 48 |  2496 / 3121 batches | lr 0.000449 |  5.48 ms | loss 0.00235 | ppl  1.00
| epoch 48 |  3120 / 3121 batches | lr 0.000449 |  5.44 ms | loss 0.00218 | ppl  1.00
-----------------------------------------------------------------------------------------
| End of epoch 48 | time: 18.45s | valid loss 0.00195 | valid ppl 1.00
-----------------------------------------------------------------------------------------
| epoch 49 |   624 / 3121 batches | lr 0.000426 |  5.48 ms | loss 0.00400 | ppl  1.00
| epoch 49 |  1248 / 3121 batches | lr 0.000426 |  5.42 ms | loss 0.00460 | ppl  1.00
| epoch 49 |  1872 / 3121 batches | lr 0.000426 |  5.38 ms | loss 0.00383 | ppl  1.00
| epoch 49 |  2496 / 3121 batches | lr 0.000426 |  5.36 ms | loss 0.00234 | ppl  1.00
| epoch 49 |  3120 / 3121 batches | lr 0.000426 |  5.39 ms | loss 0.00217 | ppl  1.00
-----------------------------------------------------------------------------------------
| End of epoch 49 | time: 18.03s | valid loss 0.00186 | valid ppl 1.00
-----------------------------------------------------------------------------------------
| epoch 50 |   624 / 3121 batches | lr 0.000405 |  5.38 ms | loss 0.00398 | ppl  1.00
| epoch 50 |  1248 / 3121 batches | lr 0.000405 |  5.40 ms | loss 0.00458 | ppl  1.00
| epoch 50 |  1872 / 3121 batches | lr 0.000405 |  5.45 ms | loss 0.00381 | ppl  1.00
| epoch 50 |  2496 / 3121 batches | lr 0.000405 |  5.45 ms | loss 0.00234 | ppl  1.00
| epoch 50 |  3120 / 3121 batches | lr 0.000405 |  5.43 ms | loss 0.00217 | ppl  1.00
-----------------------------------------------------------------------------------------
| End of epoch 50 | time: 55.29s | valid loss 0.00180 | valid ppl 1.00
-----------------------------------------------------------------------------------------
| epoch 51 |   624 / 3121 batches | lr 0.000385 |  5.51 ms | loss 0.00396 | ppl  1.00
| epoch 51 |  1248 / 3121 batches | lr 0.000385 |  5.47 ms | loss 0.00456 | ppl  1.00
| epoch 51 |  1872 / 3121 batches | lr 0.000385 |  5.47 ms | loss 0.00379 | ppl  1.00
| epoch 51 |  2496 / 3121 batches | lr 0.000385 |  5.44 ms | loss 0.00234 | ppl  1.00
| epoch 51 |  3120 / 3121 batches | lr 0.000385 |  5.45 ms | loss 0.00216 | ppl  1.00
-----------------------------------------------------------------------------------------
| End of epoch 51 | time: 18.29s | valid loss 0.00174 | valid ppl 1.00
-----------------------------------------------------------------------------------------
| epoch 52 |   624 / 3121 batches | lr 0.000365 |  5.47 ms | loss 0.00394 | ppl  1.00
| epoch 52 |  1248 / 3121 batches | lr 0.000365 |  5.49 ms | loss 0.00454 | ppl  1.00
| epoch 52 |  1872 / 3121 batches | lr 0.000365 |  5.48 ms | loss 0.00378 | ppl  1.00
| epoch 52 |  2496 / 3121 batches | lr 0.000365 |  5.54 ms | loss 0.00234 | ppl  1.00
| epoch 52 |  3120 / 3121 batches | lr 0.000365 |  5.46 ms | loss 0.00216 | ppl  1.00
-----------------------------------------------------------------------------------------
| End of epoch 52 | time: 18.28s | valid loss 0.00168 | valid ppl 1.00
-----------------------------------------------------------------------------------------
| epoch 53 |   624 / 3121 batches | lr 0.000347 |  5.48 ms | loss 0.00392 | ppl  1.00
| epoch 53 |  1248 / 3121 batches | lr 0.000347 |  5.76 ms | loss 0.00453 | ppl  1.00
| epoch 53 |  1872 / 3121 batches | lr 0.000347 |  5.45 ms | loss 0.00376 | ppl  1.00
| epoch 53 |  2496 / 3121 batches | lr 0.000347 |  5.43 ms | loss 0.00233 | ppl  1.00
| epoch 53 |  3120 / 3121 batches | lr 0.000347 |  5.39 ms | loss 0.00215 | ppl  1.00
-----------------------------------------------------------------------------------------
| End of epoch 53 | time: 18.32s | valid loss 0.00164 | valid ppl 1.00
-----------------------------------------------------------------------------------------
| epoch 54 |   624 / 3121 batches | lr 0.000330 |  5.46 ms | loss 0.00391 | ppl  1.00
| epoch 54 |  1248 / 3121 batches | lr 0.000330 |  5.47 ms | loss 0.00451 | ppl  1.00
| epoch 54 |  1872 / 3121 batches | lr 0.000330 |  5.45 ms | loss 0.00376 | ppl  1.00
| epoch 54 |  2496 / 3121 batches | lr 0.000330 |  5.43 ms | loss 0.00233 | ppl  1.00
| epoch 54 |  3120 / 3121 batches | lr 0.000330 |  5.54 ms | loss 0.00215 | ppl  1.00
-----------------------------------------------------------------------------------------
| End of epoch 54 | time: 18.30s | valid loss 0.00159 | valid ppl 1.00
-----------------------------------------------------------------------------------------
| epoch 55 |   624 / 3121 batches | lr 0.000313 |  5.48 ms | loss 0.00390 | ppl  1.00
| epoch 55 |  1248 / 3121 batches | lr 0.000313 |  5.47 ms | loss 0.00450 | ppl  1.00
| epoch 55 |  1872 / 3121 batches | lr 0.000313 |  5.47 ms | loss 0.00373 | ppl  1.00
| epoch 55 |  2496 / 3121 batches | lr 0.000313 |  5.52 ms | loss 0.00232 | ppl  1.00
| epoch 55 |  3120 / 3121 batches | lr 0.000313 |  5.44 ms | loss 0.00215 | ppl  1.00
-----------------------------------------------------------------------------------------
| End of epoch 55 | time: 18.25s | valid loss 0.00155 | valid ppl 1.00
-----------------------------------------------------------------------------------------
| epoch 56 |   624 / 3121 batches | lr 0.000298 |  5.47 ms | loss 0.00388 | ppl  1.00
| epoch 56 |  1248 / 3121 batches | lr 0.000298 |  5.47 ms | loss 0.00448 | ppl  1.00
| epoch 56 |  1872 / 3121 batches | lr 0.000298 |  5.46 ms | loss 0.00372 | ppl  1.00
| epoch 56 |  2496 / 3121 batches | lr 0.000298 |  5.44 ms | loss 0.00232 | ppl  1.00
| epoch 56 |  3120 / 3121 batches | lr 0.000298 |  5.44 ms | loss 0.00214 | ppl  1.00
-----------------------------------------------------------------------------------------
| End of epoch 56 | time: 18.19s | valid loss 0.00151 | valid ppl 1.00
-----------------------------------------------------------------------------------------
| epoch 57 |   624 / 3121 batches | lr 0.000283 |  5.48 ms | loss 0.00387 | ppl  1.00
| epoch 57 |  1248 / 3121 batches | lr 0.000283 |  5.46 ms | loss 0.00447 | ppl  1.00
| epoch 57 |  1872 / 3121 batches | lr 0.000283 |  5.46 ms | loss 0.00372 | ppl  1.00
| epoch 57 |  2496 / 3121 batches | lr 0.000283 |  5.45 ms | loss 0.00232 | ppl  1.00
| epoch 57 |  3120 / 3121 batches | lr 0.000283 |  5.45 ms | loss 0.00214 | ppl  1.00
-----------------------------------------------------------------------------------------
| End of epoch 57 | time: 18.28s | valid loss 0.00148 | valid ppl 1.00
-----------------------------------------------------------------------------------------
| epoch 58 |   624 / 3121 batches | lr 0.000269 |  5.47 ms | loss 0.00385 | ppl  1.00
| epoch 58 |  1248 / 3121 batches | lr 0.000269 |  5.69 ms | loss 0.00446 | ppl  1.00
| epoch 58 |  1872 / 3121 batches | lr 0.000269 |  5.48 ms | loss 0.00370 | ppl  1.00
| epoch 58 |  2496 / 3121 batches | lr 0.000269 |  5.44 ms | loss 0.00232 | ppl  1.00
| epoch 58 |  3120 / 3121 batches | lr 0.000269 |  5.44 ms | loss 0.00214 | ppl  1.00
-----------------------------------------------------------------------------------------
| End of epoch 58 | time: 18.34s | valid loss 0.00145 | valid ppl 1.00
-----------------------------------------------------------------------------------------
| epoch 59 |   624 / 3121 batches | lr 0.000255 |  5.47 ms | loss 0.00385 | ppl  1.00
| epoch 59 |  1248 / 3121 batches | lr 0.000255 |  5.39 ms | loss 0.00445 | ppl  1.00
| epoch 59 |  1872 / 3121 batches | lr 0.000255 |  5.53 ms | loss 0.00369 | ppl  1.00
| epoch 59 |  2496 / 3121 batches | lr 0.000255 |  5.57 ms | loss 0.00232 | ppl  1.00
| epoch 59 |  3120 / 3121 batches | lr 0.000255 |  5.43 ms | loss 0.00214 | ppl  1.00
-----------------------------------------------------------------------------------------
| End of epoch 59 | time: 18.25s | valid loss 0.00142 | valid ppl 1.00
-----------------------------------------------------------------------------------------
| epoch 60 |   624 / 3121 batches | lr 0.000242 |  5.46 ms | loss 0.00384 | ppl  1.00
| epoch 60 |  1248 / 3121 batches | lr 0.000242 |  5.46 ms | loss 0.00444 | ppl  1.00
| epoch 60 |  1872 / 3121 batches | lr 0.000242 |  5.49 ms | loss 0.00369 | ppl  1.00
| epoch 60 |  2496 / 3121 batches | lr 0.000242 |  5.48 ms | loss 0.00231 | ppl  1.00
| epoch 60 |  3120 / 3121 batches | lr 0.000242 |  5.43 ms | loss 0.00213 | ppl  1.00
-----------------------------------------------------------------------------------------
| End of epoch 60 | time: 55.52s | valid loss 0.00140 | valid ppl 1.00
-----------------------------------------------------------------------------------------
| epoch 61 |   624 / 3121 batches | lr 0.000230 |  5.51 ms | loss 0.00383 | ppl  1.00
| epoch 61 |  1248 / 3121 batches | lr 0.000230 |  5.48 ms | loss 0.00443 | ppl  1.00
| epoch 61 |  1872 / 3121 batches | lr 0.000230 |  5.43 ms | loss 0.00368 | ppl  1.00
| epoch 61 |  2496 / 3121 batches | lr 0.000230 |  5.38 ms | loss 0.00231 | ppl  1.00
| epoch 61 |  3120 / 3121 batches | lr 0.000230 |  5.38 ms | loss 0.00213 | ppl  1.00
-----------------------------------------------------------------------------------------
| End of epoch 61 | time: 18.17s | valid loss 0.00137 | valid ppl 1.00
-----------------------------------------------------------------------------------------
| epoch 62 |   624 / 3121 batches | lr 0.000219 |  5.41 ms | loss 0.00382 | ppl  1.00
| epoch 62 |  1248 / 3121 batches | lr 0.000219 |  5.40 ms | loss 0.00442 | ppl  1.00
| epoch 62 |  1872 / 3121 batches | lr 0.000219 |  5.53 ms | loss 0.00367 | ppl  1.00
| epoch 62 |  2496 / 3121 batches | lr 0.000219 |  5.37 ms | loss 0.00231 | ppl  1.00
| epoch 62 |  3120 / 3121 batches | lr 0.000219 |  5.43 ms | loss 0.00213 | ppl  1.00
-----------------------------------------------------------------------------------------
| End of epoch 62 | time: 18.09s | valid loss 0.00136 | valid ppl 1.00
-----------------------------------------------------------------------------------------
| epoch 63 |   624 / 3121 batches | lr 0.000208 |  5.48 ms | loss 0.00381 | ppl  1.00
| epoch 63 |  1248 / 3121 batches | lr 0.000208 |  5.48 ms | loss 0.00442 | ppl  1.00
| epoch 63 |  1872 / 3121 batches | lr 0.000208 |  5.47 ms | loss 0.00366 | ppl  1.00
| epoch 63 |  2496 / 3121 batches | lr 0.000208 |  5.46 ms | loss 0.00231 | ppl  1.00
| epoch 63 |  3120 / 3121 batches | lr 0.000208 |  5.45 ms | loss 0.00213 | ppl  1.00
-----------------------------------------------------------------------------------------
| End of epoch 63 | time: 18.23s | valid loss 0.00134 | valid ppl 1.00
-----------------------------------------------------------------------------------------
| epoch 64 |   624 / 3121 batches | lr 0.000197 |  5.48 ms | loss 0.00380 | ppl  1.00
| epoch 64 |  1248 / 3121 batches | lr 0.000197 |  5.48 ms | loss 0.00440 | ppl  1.00
| epoch 64 |  1872 / 3121 batches | lr 0.000197 |  5.47 ms | loss 0.00366 | ppl  1.00
| epoch 64 |  2496 / 3121 batches | lr 0.000197 |  5.45 ms | loss 0.00231 | ppl  1.00
| epoch 64 |  3120 / 3121 batches | lr 0.000197 |  5.46 ms | loss 0.00213 | ppl  1.00
-----------------------------------------------------------------------------------------
| End of epoch 64 | time: 18.28s | valid loss 0.00132 | valid ppl 1.00
-----------------------------------------------------------------------------------------
| epoch 65 |   624 / 3121 batches | lr 0.000188 |  5.46 ms | loss 0.00379 | ppl  1.00
| epoch 65 |  1248 / 3121 batches | lr 0.000188 |  5.49 ms | loss 0.00440 | ppl  1.00
| epoch 65 |  1872 / 3121 batches | lr 0.000188 |  5.45 ms | loss 0.00365 | ppl  1.00
| epoch 65 |  2496 / 3121 batches | lr 0.000188 |  5.42 ms | loss 0.00230 | ppl  1.00
| epoch 65 |  3120 / 3121 batches | lr 0.000188 |  5.42 ms | loss 0.00212 | ppl  1.00
-----------------------------------------------------------------------------------------
| End of epoch 65 | time: 18.15s | valid loss 0.00130 | valid ppl 1.00
-----------------------------------------------------------------------------------------
| epoch 66 |   624 / 3121 batches | lr 0.000178 |  5.50 ms | loss 0.00379 | ppl  1.00
| epoch 66 |  1248 / 3121 batches | lr 0.000178 |  5.46 ms | loss 0.00439 | ppl  1.00
| epoch 66 |  1872 / 3121 batches | lr 0.000178 |  5.47 ms | loss 0.00364 | ppl  1.00
| epoch 66 |  2496 / 3121 batches | lr 0.000178 |  5.44 ms | loss 0.00230 | ppl  1.00
| epoch 66 |  3120 / 3121 batches | lr 0.000178 |  5.45 ms | loss 0.00212 | ppl  1.00
-----------------------------------------------------------------------------------------
| End of epoch 66 | time: 18.20s | valid loss 0.00129 | valid ppl 1.00
-----------------------------------------------------------------------------------------
| epoch 67 |   624 / 3121 batches | lr 0.000169 |  5.47 ms | loss 0.00378 | ppl  1.00
| epoch 67 |  1248 / 3121 batches | lr 0.000169 |  5.47 ms | loss 0.00439 | ppl  1.00
| epoch 67 |  1872 / 3121 batches | lr 0.000169 |  5.46 ms | loss 0.00364 | ppl  1.00
| epoch 67 |  2496 / 3121 batches | lr 0.000169 |  5.47 ms | loss 0.00230 | ppl  1.00
| epoch 67 |  3120 / 3121 batches | lr 0.000169 |  5.44 ms | loss 0.00212 | ppl  1.00
-----------------------------------------------------------------------------------------
| End of epoch 67 | time: 18.27s | valid loss 0.00128 | valid ppl 1.00
-----------------------------------------------------------------------------------------
| epoch 68 |   624 / 3121 batches | lr 0.000161 |  5.47 ms | loss 0.00377 | ppl  1.00
| epoch 68 |  1248 / 3121 batches | lr 0.000161 |  5.45 ms | loss 0.00438 | ppl  1.00
| epoch 68 |  1872 / 3121 batches | lr 0.000161 |  5.45 ms | loss 0.00363 | ppl  1.00
| epoch 68 |  2496 / 3121 batches | lr 0.000161 |  5.44 ms | loss 0.00230 | ppl  1.00
| epoch 68 |  3120 / 3121 batches | lr 0.000161 |  5.44 ms | loss 0.00212 | ppl  1.00
-----------------------------------------------------------------------------------------
| End of epoch 68 | time: 18.16s | valid loss 0.00126 | valid ppl 1.00
-----------------------------------------------------------------------------------------
| epoch 69 |   624 / 3121 batches | lr 0.000153 |  5.45 ms | loss 0.00377 | ppl  1.00
| epoch 69 |  1248 / 3121 batches | lr 0.000153 |  5.42 ms | loss 0.00437 | ppl  1.00
| epoch 69 |  1872 / 3121 batches | lr 0.000153 |  5.42 ms | loss 0.00363 | ppl  1.00
| epoch 69 |  2496 / 3121 batches | lr 0.000153 |  5.40 ms | loss 0.00230 | ppl  1.00
| epoch 69 |  3120 / 3121 batches | lr 0.000153 |  5.44 ms | loss 0.00212 | ppl  1.00
-----------------------------------------------------------------------------------------
| End of epoch 69 | time: 18.10s | valid loss 0.00125 | valid ppl 1.00
-----------------------------------------------------------------------------------------
| epoch 70 |   624 / 3121 batches | lr 0.000145 |  5.46 ms | loss 0.00377 | ppl  1.00
| epoch 70 |  1248 / 3121 batches | lr 0.000145 |  5.45 ms | loss 0.00437 | ppl  1.00
| epoch 70 |  1872 / 3121 batches | lr 0.000145 |  5.45 ms | loss 0.00362 | ppl  1.00
| epoch 70 |  2496 / 3121 batches | lr 0.000145 |  5.55 ms | loss 0.00230 | ppl  1.00
| epoch 70 |  3120 / 3121 batches | lr 0.000145 |  5.61 ms | loss 0.00212 | ppl  1.00
-----------------------------------------------------------------------------------------
| End of epoch 70 | time: 54.83s | valid loss 0.00125 | valid ppl 1.00
-----------------------------------------------------------------------------------------
| epoch 71 |   624 / 3121 batches | lr 0.000138 |  5.62 ms | loss 0.00376 | ppl  1.00
| epoch 71 |  1248 / 3121 batches | lr 0.000138 |  5.58 ms | loss 0.00437 | ppl  1.00
| epoch 71 |  1872 / 3121 batches | lr 0.000138 |  5.57 ms | loss 0.00362 | ppl  1.00
| epoch 71 |  2496 / 3121 batches | lr 0.000138 |  5.54 ms | loss 0.00230 | ppl  1.00
| epoch 71 |  3120 / 3121 batches | lr 0.000138 |  5.50 ms | loss 0.00212 | ppl  1.00
-----------------------------------------------------------------------------------------
| End of epoch 71 | time: 18.60s | valid loss 0.00124 | valid ppl 1.00
-----------------------------------------------------------------------------------------
| epoch 72 |   624 / 3121 batches | lr 0.000131 |  5.47 ms | loss 0.00376 | ppl  1.00
| epoch 72 |  1248 / 3121 batches | lr 0.000131 |  5.47 ms | loss 0.00436 | ppl  1.00
| epoch 72 |  1872 / 3121 batches | lr 0.000131 |  5.45 ms | loss 0.00362 | ppl  1.00
| epoch 72 |  2496 / 3121 batches | lr 0.000131 |  5.43 ms | loss 0.00229 | ppl  1.00
| epoch 72 |  3120 / 3121 batches | lr 0.000131 |  5.46 ms | loss 0.00211 | ppl  1.00
-----------------------------------------------------------------------------------------
| End of epoch 72 | time: 18.18s | valid loss 0.00123 | valid ppl 1.00
-----------------------------------------------------------------------------------------
| epoch 73 |   624 / 3121 batches | lr 0.000124 |  5.46 ms | loss 0.00375 | ppl  1.00
| epoch 73 |  1248 / 3121 batches | lr 0.000124 |  5.39 ms | loss 0.00436 | ppl  1.00
| epoch 73 |  1872 / 3121 batches | lr 0.000124 |  5.37 ms | loss 0.00361 | ppl  1.00
| epoch 73 |  2496 / 3121 batches | lr 0.000124 |  5.43 ms | loss 0.00230 | ppl  1.00
| epoch 73 |  3120 / 3121 batches | lr 0.000124 |  5.43 ms | loss 0.00211 | ppl  1.00
-----------------------------------------------------------------------------------------
| End of epoch 73 | time: 18.05s | valid loss 0.00122 | valid ppl 1.00
-----------------------------------------------------------------------------------------
| epoch 74 |   624 / 3121 batches | lr 0.000118 |  5.46 ms | loss 0.00375 | ppl  1.00
| epoch 74 |  1248 / 3121 batches | lr 0.000118 |  5.46 ms | loss 0.00435 | ppl  1.00
| epoch 74 |  1872 / 3121 batches | lr 0.000118 |  5.45 ms | loss 0.00361 | ppl  1.00
| epoch 74 |  2496 / 3121 batches | lr 0.000118 |  5.46 ms | loss 0.00229 | ppl  1.00
| epoch 74 |  3120 / 3121 batches | lr 0.000118 |  5.50 ms | loss 0.00211 | ppl  1.00
-----------------------------------------------------------------------------------------
| End of epoch 74 | time: 18.28s | valid loss 0.00121 | valid ppl 1.00
-----------------------------------------------------------------------------------------
| epoch 75 |   624 / 3121 batches | lr 0.000112 |  5.49 ms | loss 0.00375 | ppl  1.00
| epoch 75 |  1248 / 3121 batches | lr 0.000112 |  5.50 ms | loss 0.00435 | ppl  1.00
| epoch 75 |  1872 / 3121 batches | lr 0.000112 |  5.46 ms | loss 0.00360 | ppl  1.00
| epoch 75 |  2496 / 3121 batches | lr 0.000112 |  5.44 ms | loss 0.00229 | ppl  1.00
| epoch 75 |  3120 / 3121 batches | lr 0.000112 |  5.44 ms | loss 0.00211 | ppl  1.00
-----------------------------------------------------------------------------------------
| End of epoch 75 | time: 18.21s | valid loss 0.00121 | valid ppl 1.00
-----------------------------------------------------------------------------------------
| epoch 76 |   624 / 3121 batches | lr 0.000107 |  5.50 ms | loss 0.00374 | ppl  1.00
| epoch 76 |  1248 / 3121 batches | lr 0.000107 |  5.47 ms | loss 0.00435 | ppl  1.00
| epoch 76 |  1872 / 3121 batches | lr 0.000107 |  5.45 ms | loss 0.00360 | ppl  1.00
| epoch 76 |  2496 / 3121 batches | lr 0.000107 |  5.48 ms | loss 0.00229 | ppl  1.00
| epoch 76 |  3120 / 3121 batches | lr 0.000107 |  5.45 ms | loss 0.00211 | ppl  1.00
-----------------------------------------------------------------------------------------
| End of epoch 76 | time: 18.23s | valid loss 0.00120 | valid ppl 1.00
-----------------------------------------------------------------------------------------
| epoch 77 |   624 / 3121 batches | lr 0.000101 |  5.59 ms | loss 0.00374 | ppl  1.00
| epoch 77 |  1248 / 3121 batches | lr 0.000101 |  5.46 ms | loss 0.00435 | ppl  1.00
| epoch 77 |  1872 / 3121 batches | lr 0.000101 |  5.43 ms | loss 0.00360 | ppl  1.00
| epoch 77 |  2496 / 3121 batches | lr 0.000101 |  5.36 ms | loss 0.00229 | ppl  1.00
| epoch 77 |  3120 / 3121 batches | lr 0.000101 |  5.36 ms | loss 0.00211 | ppl  1.00
-----------------------------------------------------------------------------------------
| End of epoch 77 | time: 18.19s | valid loss 0.00119 | valid ppl 1.00
-----------------------------------------------------------------------------------------
| epoch 78 |   624 / 3121 batches | lr 0.000096 |  5.39 ms | loss 0.00374 | ppl  1.00
| epoch 78 |  1248 / 3121 batches | lr 0.000096 |  5.41 ms | loss 0.00434 | ppl  1.00
| epoch 78 |  1872 / 3121 batches | lr 0.000096 |  5.39 ms | loss 0.00360 | ppl  1.00
| epoch 78 |  2496 / 3121 batches | lr 0.000096 |  5.46 ms | loss 0.00229 | ppl  1.00
| epoch 78 |  3120 / 3121 batches | lr 0.000096 |  5.48 ms | loss 0.00211 | ppl  1.00
-----------------------------------------------------------------------------------------
| End of epoch 78 | time: 18.09s | valid loss 0.00119 | valid ppl 1.00
-----------------------------------------------------------------------------------------
| epoch 79 |   624 / 3121 batches | lr 0.000091 |  5.41 ms | loss 0.00373 | ppl  1.00
| epoch 79 |  1248 / 3121 batches | lr 0.000091 |  5.39 ms | loss 0.00434 | ppl  1.00
| epoch 79 |  1872 / 3121 batches | lr 0.000091 |  5.39 ms | loss 0.00359 | ppl  1.00
| epoch 79 |  2496 / 3121 batches | lr 0.000091 |  5.37 ms | loss 0.00229 | ppl  1.00
| epoch 79 |  3120 / 3121 batches | lr 0.000091 |  5.43 ms | loss 0.00211 | ppl  1.00
-----------------------------------------------------------------------------------------
| End of epoch 79 | time: 18.00s | valid loss 0.00118 | valid ppl 1.00
-----------------------------------------------------------------------------------------
| epoch 80 |   624 / 3121 batches | lr 0.000087 |  5.51 ms | loss 0.00373 | ppl  1.00
| epoch 80 |  1248 / 3121 batches | lr 0.000087 |  5.47 ms | loss 0.00433 | ppl  1.00
| epoch 80 |  1872 / 3121 batches | lr 0.000087 |  5.48 ms | loss 0.00359 | ppl  1.00
| epoch 80 |  2496 / 3121 batches | lr 0.000087 |  5.45 ms | loss 0.00229 | ppl  1.00
| epoch 80 |  3120 / 3121 batches | lr 0.000087 |  5.45 ms | loss 0.00211 | ppl  1.00
-----------------------------------------------------------------------------------------
| End of epoch 80 | time: 55.17s | valid loss 0.00118 | valid ppl 1.00
-----------------------------------------------------------------------------------------
| epoch 81 |   624 / 3121 batches | lr 0.000083 |  5.48 ms | loss 0.00373 | ppl  1.00
| epoch 81 |  1248 / 3121 batches | lr 0.000083 |  5.47 ms | loss 0.00433 | ppl  1.00
| epoch 81 |  1872 / 3121 batches | lr 0.000083 |  5.45 ms | loss 0.00358 | ppl  1.00
| epoch 81 |  2496 / 3121 batches | lr 0.000083 |  5.44 ms | loss 0.00229 | ppl  1.00
| epoch 81 |  3120 / 3121 batches | lr 0.000083 |  5.44 ms | loss 0.00211 | ppl  1.00
-----------------------------------------------------------------------------------------
| End of epoch 81 | time: 18.24s | valid loss 0.00118 | valid ppl 1.00
-----------------------------------------------------------------------------------------
| epoch 82 |   624 / 3121 batches | lr 0.000078 |  5.47 ms | loss 0.00372 | ppl  1.00
| epoch 82 |  1248 / 3121 batches | lr 0.000078 |  5.45 ms | loss 0.00433 | ppl  1.00
| epoch 82 |  1872 / 3121 batches | lr 0.000078 |  5.45 ms | loss 0.00358 | ppl  1.00
| epoch 82 |  2496 / 3121 batches | lr 0.000078 |  5.46 ms | loss 0.00229 | ppl  1.00
| epoch 82 |  3120 / 3121 batches | lr 0.000078 |  5.44 ms | loss 0.00211 | ppl  1.00
-----------------------------------------------------------------------------------------
| End of epoch 82 | time: 18.18s | valid loss 0.00117 | valid ppl 1.00
-----------------------------------------------------------------------------------------
| epoch 83 |   624 / 3121 batches | lr 0.000075 |  5.46 ms | loss 0.00373 | ppl  1.00
| epoch 83 |  1248 / 3121 batches | lr 0.000075 |  5.47 ms | loss 0.00432 | ppl  1.00
| epoch 83 |  1872 / 3121 batches | lr 0.000075 |  5.45 ms | loss 0.00358 | ppl  1.00
| epoch 83 |  2496 / 3121 batches | lr 0.000075 |  5.43 ms | loss 0.00229 | ppl  1.00
| epoch 83 |  3120 / 3121 batches | lr 0.000075 |  5.44 ms | loss 0.00210 | ppl  1.00
-----------------------------------------------------------------------------------------
| End of epoch 83 | time: 18.16s | valid loss 0.00117 | valid ppl 1.00
-----------------------------------------------------------------------------------------
| epoch 84 |   624 / 3121 batches | lr 0.000071 |  5.47 ms | loss 0.00372 | ppl  1.00
| epoch 84 |  1248 / 3121 batches | lr 0.000071 |  5.46 ms | loss 0.00433 | ppl  1.00
| epoch 84 |  1872 / 3121 batches | lr 0.000071 |  5.46 ms | loss 0.00358 | ppl  1.00
| epoch 84 |  2496 / 3121 batches | lr 0.000071 |  5.47 ms | loss 0.00229 | ppl  1.00
| epoch 84 |  3120 / 3121 batches | lr 0.000071 |  5.45 ms | loss 0.00211 | ppl  1.00
-----------------------------------------------------------------------------------------
| End of epoch 84 | time: 18.28s | valid loss 0.00117 | valid ppl 1.00
-----------------------------------------------------------------------------------------
| epoch 85 |   624 / 3121 batches | lr 0.000067 |  5.47 ms | loss 0.00372 | ppl  1.00
| epoch 85 |  1248 / 3121 batches | lr 0.000067 |  5.48 ms | loss 0.00433 | ppl  1.00
| epoch 85 |  1872 / 3121 batches | lr 0.000067 |  5.46 ms | loss 0.00357 | ppl  1.00
| epoch 85 |  2496 / 3121 batches | lr 0.000067 |  5.44 ms | loss 0.00229 | ppl  1.00
| epoch 85 |  3120 / 3121 batches | lr 0.000067 |  5.45 ms | loss 0.00210 | ppl  1.00
-----------------------------------------------------------------------------------------
| End of epoch 85 | time: 18.20s | valid loss 0.00117 | valid ppl 1.00
-----------------------------------------------------------------------------------------
| epoch 86 |   624 / 3121 batches | lr 0.000064 |  5.51 ms | loss 0.00372 | ppl  1.00
| epoch 86 |  1248 / 3121 batches | lr 0.000064 |  5.55 ms | loss 0.00432 | ppl  1.00
| epoch 86 |  1872 / 3121 batches | lr 0.000064 |  5.51 ms | loss 0.00358 | ppl  1.00
| epoch 86 |  2496 / 3121 batches | lr 0.000064 |  5.44 ms | loss 0.00229 | ppl  1.00
| epoch 86 |  3120 / 3121 batches | lr 0.000064 |  5.43 ms | loss 0.00210 | ppl  1.00
-----------------------------------------------------------------------------------------
| End of epoch 86 | time: 18.29s | valid loss 0.00116 | valid ppl 1.00
-----------------------------------------------------------------------------------------
| epoch 87 |   624 / 3121 batches | lr 0.000061 |  5.46 ms | loss 0.00372 | ppl  1.00
| epoch 87 |  1248 / 3121 batches | lr 0.000061 |  5.51 ms | loss 0.00432 | ppl  1.00
| epoch 87 |  1872 / 3121 batches | lr 0.000061 |  5.45 ms | loss 0.00358 | ppl  1.00
| epoch 87 |  2496 / 3121 batches | lr 0.000061 |  5.42 ms | loss 0.00229 | ppl  1.00
| epoch 87 |  3120 / 3121 batches | lr 0.000061 |  5.37 ms | loss 0.00210 | ppl  1.00
-----------------------------------------------------------------------------------------
| End of epoch 87 | time: 18.21s | valid loss 0.00116 | valid ppl 1.00
-----------------------------------------------------------------------------------------
| epoch 88 |   624 / 3121 batches | lr 0.000058 |  5.46 ms | loss 0.00372 | ppl  1.00
| epoch 88 |  1248 / 3121 batches | lr 0.000058 |  5.40 ms | loss 0.00432 | ppl  1.00
| epoch 88 |  1872 / 3121 batches | lr 0.000058 |  5.37 ms | loss 0.00357 | ppl  1.00
| epoch 88 |  2496 / 3121 batches | lr 0.000058 |  5.37 ms | loss 0.00229 | ppl  1.00
| epoch 88 |  3120 / 3121 batches | lr 0.000058 |  5.36 ms | loss 0.00211 | ppl  1.00
-----------------------------------------------------------------------------------------
| End of epoch 88 | time: 17.97s | valid loss 0.00116 | valid ppl 1.00
-----------------------------------------------------------------------------------------
| epoch 89 |   624 / 3121 batches | lr 0.000055 |  5.39 ms | loss 0.00372 | ppl  1.00
| epoch 89 |  1248 / 3121 batches | lr 0.000055 |  5.39 ms | loss 0.00432 | ppl  1.00
| epoch 89 |  1872 / 3121 batches | lr 0.000055 |  5.38 ms | loss 0.00357 | ppl  1.00
| epoch 89 |  2496 / 3121 batches | lr 0.000055 |  5.36 ms | loss 0.00229 | ppl  1.00
| epoch 89 |  3120 / 3121 batches | lr 0.000055 |  5.36 ms | loss 0.00210 | ppl  1.00
-----------------------------------------------------------------------------------------
| End of epoch 89 | time: 17.94s | valid loss 0.00116 | valid ppl 1.00
-----------------------------------------------------------------------------------------
| epoch 90 |   624 / 3121 batches | lr 0.000052 |  5.38 ms | loss 0.00372 | ppl  1.00
| epoch 90 |  1248 / 3121 batches | lr 0.000052 |  5.39 ms | loss 0.00431 | ppl  1.00
| epoch 90 |  1872 / 3121 batches | lr 0.000052 |  5.43 ms | loss 0.00357 | ppl  1.00
| epoch 90 |  2496 / 3121 batches | lr 0.000052 |  5.45 ms | loss 0.00229 | ppl  1.00
| epoch 90 |  3120 / 3121 batches | lr 0.000052 |  5.44 ms | loss 0.00210 | ppl  1.00
-----------------------------------------------------------------------------------------
| End of epoch 90 | time: 54.77s | valid loss 0.00116 | valid ppl 1.00
-----------------------------------------------------------------------------------------
| epoch 91 |   624 / 3121 batches | lr 0.000049 |  5.52 ms | loss 0.00372 | ppl  1.00
| epoch 91 |  1248 / 3121 batches | lr 0.000049 |  5.48 ms | loss 0.00431 | ppl  1.00
| epoch 91 |  1872 / 3121 batches | lr 0.000049 |  5.47 ms | loss 0.00357 | ppl  1.00
| epoch 91 |  2496 / 3121 batches | lr 0.000049 |  5.45 ms | loss 0.00229 | ppl  1.00
| epoch 91 |  3120 / 3121 batches | lr 0.000049 |  5.46 ms | loss 0.00210 | ppl  1.00
-----------------------------------------------------------------------------------------
| End of epoch 91 | time: 18.31s | valid loss 0.00116 | valid ppl 1.00
-----------------------------------------------------------------------------------------
| epoch 92 |   624 / 3121 batches | lr 0.000047 |  5.47 ms | loss 0.00372 | ppl  1.00
| epoch 92 |  1248 / 3121 batches | lr 0.000047 |  5.47 ms | loss 0.00431 | ppl  1.00
| epoch 92 |  1872 / 3121 batches | lr 0.000047 |  5.45 ms | loss 0.00357 | ppl  1.00
| epoch 92 |  2496 / 3121 batches | lr 0.000047 |  5.44 ms | loss 0.00229 | ppl  1.00
| epoch 92 |  3120 / 3121 batches | lr 0.000047 |  5.43 ms | loss 0.00210 | ppl  1.00
-----------------------------------------------------------------------------------------
| End of epoch 92 | time: 18.17s | valid loss 0.00115 | valid ppl 1.00
-----------------------------------------------------------------------------------------
| epoch 93 |   624 / 3121 batches | lr 0.000045 |  5.46 ms | loss 0.00371 | ppl  1.00
| epoch 93 |  1248 / 3121 batches | lr 0.000045 |  5.46 ms | loss 0.00431 | ppl  1.00
| epoch 93 |  1872 / 3121 batches | lr 0.000045 |  5.45 ms | loss 0.00357 | ppl  1.00
| epoch 93 |  2496 / 3121 batches | lr 0.000045 |  5.44 ms | loss 0.00228 | ppl  1.00
| epoch 93 |  3120 / 3121 batches | lr 0.000045 |  5.49 ms | loss 0.00210 | ppl  1.00
-----------------------------------------------------------------------------------------
| End of epoch 93 | time: 18.19s | valid loss 0.00115 | valid ppl 1.00
-----------------------------------------------------------------------------------------
| epoch 94 |   624 / 3121 batches | lr 0.000042 |  5.46 ms | loss 0.00371 | ppl  1.00
| epoch 94 |  1248 / 3121 batches | lr 0.000042 |  5.45 ms | loss 0.00431 | ppl  1.00
| epoch 94 |  1872 / 3121 batches | lr 0.000042 |  5.45 ms | loss 0.00356 | ppl  1.00
| epoch 94 |  2496 / 3121 batches | lr 0.000042 |  5.44 ms | loss 0.00229 | ppl  1.00
| epoch 94 |  3120 / 3121 batches | lr 0.000042 |  5.43 ms | loss 0.00210 | ppl  1.00
-----------------------------------------------------------------------------------------
| End of epoch 94 | time: 18.22s | valid loss 0.00115 | valid ppl 1.00
-----------------------------------------------------------------------------------------
| epoch 95 |   624 / 3121 batches | lr 0.000040 |  5.45 ms | loss 0.00371 | ppl  1.00
| epoch 95 |  1248 / 3121 batches | lr 0.000040 |  5.56 ms | loss 0.00431 | ppl  1.00
| epoch 95 |  1872 / 3121 batches | lr 0.000040 |  5.56 ms | loss 0.00356 | ppl  1.00
| epoch 95 |  2496 / 3121 batches | lr 0.000040 |  5.54 ms | loss 0.00229 | ppl  1.00
| epoch 95 |  3120 / 3121 batches | lr 0.000040 |  5.56 ms | loss 0.00210 | ppl  1.00
-----------------------------------------------------------------------------------------
| End of epoch 95 | time: 18.43s | valid loss 0.00115 | valid ppl 1.00
-----------------------------------------------------------------------------------------
| epoch 96 |   624 / 3121 batches | lr 0.000038 |  5.46 ms | loss 0.00371 | ppl  1.00
| epoch 96 |  1248 / 3121 batches | lr 0.000038 |  5.54 ms | loss 0.00431 | ppl  1.00
| epoch 96 |  1872 / 3121 batches | lr 0.000038 |  5.56 ms | loss 0.00356 | ppl  1.00
| epoch 96 |  2496 / 3121 batches | lr 0.000038 |  5.54 ms | loss 0.00229 | ppl  1.00
| epoch 96 |  3120 / 3121 batches | lr 0.000038 |  5.55 ms | loss 0.00210 | ppl  1.00
-----------------------------------------------------------------------------------------
| End of epoch 96 | time: 18.40s | valid loss 0.00115 | valid ppl 1.00
-----------------------------------------------------------------------------------------
| epoch 97 |   624 / 3121 batches | lr 0.000036 |  5.64 ms | loss 0.00372 | ppl  1.00
| epoch 97 |  1248 / 3121 batches | lr 0.000036 |  5.58 ms | loss 0.00430 | ppl  1.00
| epoch 97 |  1872 / 3121 batches | lr 0.000036 |  5.58 ms | loss 0.00356 | ppl  1.00
| epoch 97 |  2496 / 3121 batches | lr 0.000036 |  5.44 ms | loss 0.00228 | ppl  1.00
| epoch 97 |  3120 / 3121 batches | lr 0.000036 |  5.41 ms | loss 0.00210 | ppl  1.00
-----------------------------------------------------------------------------------------
| End of epoch 97 | time: 18.50s | valid loss 0.00115 | valid ppl 1.00
-----------------------------------------------------------------------------------------
| epoch 98 |   624 / 3121 batches | lr 0.000035 |  5.47 ms | loss 0.00371 | ppl  1.00
| epoch 98 |  1248 / 3121 batches | lr 0.000035 |  5.49 ms | loss 0.00430 | ppl  1.00
| epoch 98 |  1872 / 3121 batches | lr 0.000035 |  5.48 ms | loss 0.00356 | ppl  1.00
| epoch 98 |  2496 / 3121 batches | lr 0.000035 |  5.46 ms | loss 0.00229 | ppl  1.00
| epoch 98 |  3120 / 3121 batches | lr 0.000035 |  5.46 ms | loss 0.00210 | ppl  1.00
-----------------------------------------------------------------------------------------
| End of epoch 98 | time: 18.24s | valid loss 0.00115 | valid ppl 1.00
-----------------------------------------------------------------------------------------
| epoch 99 |   624 / 3121 batches | lr 0.000033 |  5.47 ms | loss 0.00371 | ppl  1.00
| epoch 99 |  1248 / 3121 batches | lr 0.000033 |  5.46 ms | loss 0.00430 | ppl  1.00
| epoch 99 |  1872 / 3121 batches | lr 0.000033 |  5.45 ms | loss 0.00356 | ppl  1.00
| epoch 99 |  2496 / 3121 batches | lr 0.000033 |  5.44 ms | loss 0.00228 | ppl  1.00
| epoch 99 |  3120 / 3121 batches | lr 0.000033 |  5.45 ms | loss 0.00210 | ppl  1.00
-----------------------------------------------------------------------------------------
| End of epoch 99 | time: 18.17s | valid loss 0.00115 | valid ppl 1.00
-----------------------------------------------------------------------------------------
| epoch 100 |   624 / 3121 batches | lr 0.000031 |  5.47 ms | loss 0.00371 | ppl  1.00
| epoch 100 |  1248 / 3121 batches | lr 0.000031 |  5.45 ms | loss 0.00430 | ppl  1.00
| epoch 100 |  1872 / 3121 batches | lr 0.000031 |  5.45 ms | loss 0.00356 | ppl  1.00
| epoch 100 |  2496 / 3121 batches | lr 0.000031 |  5.44 ms | loss 0.00228 | ppl  1.00
| epoch 100 |  3120 / 3121 batches | lr 0.000031 |  5.44 ms | loss 0.00210 | ppl  1.00
-----------------------------------------------------------------------------------------
| End of epoch 100 | time: 54.86s | valid loss 0.00115 | valid ppl 1.00
-----------------------------------------------------------------------------------------
